Wed Feb 06 2019 16:34:23 GMT+0200 (Eastern European Standard Time): GET /about
Wed Feb 06 2019 16:34:37 GMT+0200 (Eastern European Standard Time): GET /maintenance
Wed Feb 06 2019 16:34:40 GMT+0200 (Eastern European Standard Time): GET /home
Wed Feb 06 2019 16:34:43 GMT+0200 (Eastern European Standard Time): GET /about
Wed Feb 06 2019 16:34:45 GMT+0200 (Eastern European Standard Time): GET /home
Wed Feb 06 2019 16:34:56 GMT+0200 (Eastern European Standard Time): GET /home
Wed Feb 06 2019 16:34:58 GMT+0200 (Eastern European Standard Time): GET /home
Wed Feb 06 2019 16:35:00 GMT+0200 (Eastern European Standard Time): GET /about
Wed Feb 06 2019 16:38:47 GMT+0200 (Eastern European Standard Time): GET /about
Wed Feb 06 2019 16:39:18 GMT+0200 (Eastern European Standard Time): GET /about
Wed Feb 06 2019 16:39:37 GMT+0200 (Eastern European Standard Time): GET /about
Wed Feb 06 2019 16:40:16 GMT+0200 (Eastern European Standard Time): GET /home
Wed Feb 06 2019 16:40:17 GMT+0200 (Eastern European Standard Time): GET /home
Wed Feb 06 2019 16:42:08 GMT+0200 (Eastern European Standard Time): GET /home
Wed Feb 06 2019 16:42:21 GMT+0200 (Eastern European Standard Time): GET /home
Wed Feb 06 2019 16:42:23 GMT+0200 (Eastern European Standard Time): GET /home
Wed Feb 06 2019 16:42:26 GMT+0200 (Eastern European Standard Time): GET /about
Wed Feb 06 2019 16:42:28 GMT+0200 (Eastern European Standard Time): GET /home
Wed Feb 06 2019 16:42:36 GMT+0200 (Eastern European Standard Time): GET /mainetnance
Wed Feb 06 2019 16:42:51 GMT+0200 (Eastern European Standard Time): GET /mainetnance
Wed Feb 06 2019 16:43:04 GMT+0200 (Eastern European Standard Time): GET /home
Wed Feb 06 2019 16:43:06 GMT+0200 (Eastern European Standard Time): GET /home
Wed Feb 06 2019 16:43:10 GMT+0200 (Eastern European Standard Time): GET /mainetnance
Wed Feb 06 2019 16:43:52 GMT+0200 (Eastern European Standard Time): GET /maintenance
Wed Feb 06 2019 16:43:57 GMT+0200 (Eastern European Standard Time): GET /maintenance
Wed Feb 06 2019 16:44:02 GMT+0200 (Eastern European Standard Time): GET /home
Wed Feb 06 2019 16:44:03 GMT+0200 (Eastern European Standard Time): GET /home
Wed Feb 06 2019 16:45:05 GMT+0200 (Eastern European Standard Time): GET /home
Wed Feb 06 2019 16:45:20 GMT+0200 (Eastern European Standard Time): GET /home
Wed Feb 06 2019 16:49:42 GMT+0200 (Eastern European Standard Time): GET /home
Wed Feb 06 2019 16:49:46 GMT+0200 (Eastern European Standard Time): GET /home
Wed Feb 06 2019 16:51:40 GMT+0200 (Eastern European Standard Time): GET /home
Wed Feb 06 2019 16:53:19 GMT+0200 (Eastern European Standard Time): GET /help.html
Wed Feb 06 2019 16:53:24 GMT+0200 (Eastern European Standard Time): GET /help.html
Wed Feb 06 2019 16:53:50 GMT+0200 (Eastern European Standard Time): GET /help.html
Wed Feb 06 2019 16:54:01 GMT+0200 (Eastern European Standard Time): GET /home
Wed Feb 06 2019 16:54:02 GMT+0200 (Eastern European Standard Time): GET /home
Wed Feb 06 2019 16:54:24 GMT+0200 (Eastern European Standard Time): GET /
Wed Feb 06 2019 16:54:29 GMT+0200 (Eastern European Standard Time): GET /
Wed Feb 06 2019 16:55:17 GMT+0200 (Eastern European Standard Time): GET /
Wed Feb 06 2019 16:55:27 GMT+0200 (Eastern European Standard Time): GET /home
Wed Feb 06 2019 16:55:29 GMT+0200 (Eastern European Standard Time): GET /help.html
Wed Feb 06 2019 16:55:41 GMT+0200 (Eastern European Standard Time): GET /help.html
Wed Feb 06 2019 16:55:46 GMT+0200 (Eastern European Standard Time): GET /
Wed Feb 06 2019 16:55:48 GMT+0200 (Eastern European Standard Time): GET /home
Wed Feb 06 2019 16:55:50 GMT+0200 (Eastern European Standard Time): GET /home
Wed Feb 06 2019 16:55:52 GMT+0200 (Eastern European Standard Time): GET /about
Wed Feb 06 2019 16:55:55 GMT+0200 (Eastern European Standard Time): GET /home
Wed Feb 06 2019 17:20:00 GMT+0200 (Eastern European Standard Time): GET /home
Wed Feb 06 2019 17:20:02 GMT+0200 (Eastern European Standard Time): GET /about
Wed Feb 06 2019 17:23:20 GMT+0200 (Eastern European Standard Time): GET /about
Wed Feb 06 2019 17:23:22 GMT+0200 (Eastern European Standard Time): GET /home
Wed Feb 06 2019 17:23:24 GMT+0200 (Eastern European Standard Time): GET /about
Wed Feb 06 2019 17:57:27 GMT+0200 (Eastern European Standard Time): GET /about
Wed Feb 06 2019 17:57:30 GMT+0200 (Eastern European Standard Time): GET /home
Wed Feb 06 2019 17:57:38 GMT+0200 (Eastern European Standard Time): GET /project
Wed Feb 06 2019 17:57:41 GMT+0200 (Eastern European Standard Time): GET /home
Wed Feb 06 2019 17:57:43 GMT+0200 (Eastern European Standard Time): GET /about
Wed Feb 06 2019 17:58:08 GMT+0200 (Eastern European Standard Time): GET /about
Wed Feb 06 2019 17:58:11 GMT+0200 (Eastern European Standard Time): GET /about
Wed Feb 06 2019 17:58:15 GMT+0200 (Eastern European Standard Time): GET /about
Wed Feb 06 2019 17:58:17 GMT+0200 (Eastern European Standard Time): GET /home
Wed Feb 06 2019 17:58:18 GMT+0200 (Eastern European Standard Time): GET /about
Wed Feb 06 2019 17:58:55 GMT+0200 (Eastern European Standard Time): GET /about
Wed Feb 06 2019 17:59:01 GMT+0200 (Eastern European Standard Time): GET /home
Wed Feb 06 2019 17:59:03 GMT+0200 (Eastern European Standard Time): GET /about
Wed Feb 06 2019 17:59:04 GMT+0200 (Eastern European Standard Time): GET /project
Wed Feb 06 2019 17:59:22 GMT+0200 (Eastern European Standard Time): GET /project
Wed Feb 06 2019 17:59:24 GMT+0200 (Eastern European Standard Time): GET /project
Wed Feb 06 2019 17:59:26 GMT+0200 (Eastern European Standard Time): GET /about
Wed Feb 06 2019 17:59:28 GMT+0200 (Eastern European Standard Time): GET /home
Wed Feb 06 2019 18:00:06 GMT+0200 (Eastern European Standard Time): GET /project
Wed Feb 06 2019 18:00:08 GMT+0200 (Eastern European Standard Time): GET /project
Wed Feb 06 2019 18:01:39 GMT+0200 (Eastern European Standard Time): GET /project
Wed Feb 06 2019 18:01:57 GMT+0200 (Eastern European Standard Time): GET /project
Wed Feb 06 2019 18:02:00 GMT+0200 (Eastern European Standard Time): GET /home
Wed Feb 06 2019 18:02:22 GMT+0200 (Eastern European Standard Time): GET /project
Wed Feb 06 2019 18:02:42 GMT+0200 (Eastern European Standard Time): GET /project
Wed Feb 06 2019 18:02:47 GMT+0200 (Eastern European Standard Time): GET /
Wed Feb 06 2019 18:04:08 GMT+0200 (Eastern European Standard Time): GET /
Wed Feb 06 2019 18:04:13 GMT+0200 (Eastern European Standard Time): GET /project
Wed Feb 06 2019 18:04:30 GMT+0200 (Eastern European Standard Time): GET /project
Wed Feb 06 2019 18:04:33 GMT+0200 (Eastern European Standard Time): GET /home
Wed Feb 06 2019 18:04:38 GMT+0200 (Eastern European Standard Time): GET /home
Wed Feb 06 2019 18:04:42 GMT+0200 (Eastern European Standard Time): GET /
Wed Feb 06 2019 18:05:36 GMT+0200 (Eastern European Standard Time): GET /
Wed Feb 06 2019 18:08:39 GMT+0200 (Eastern European Standard Time): GET /
Wed Feb 06 2019 18:09:06 GMT+0200 (Eastern European Standard Time): GET /
Wed Feb 06 2019 18:09:19 GMT+0200 (Eastern European Standard Time): GET /
Wed Feb 06 2019 18:09:51 GMT+0200 (Eastern European Standard Time): GET /
Wed Feb 06 2019 18:10:08 GMT+0200 (Eastern European Standard Time): GET /home
Wed Feb 06 2019 18:10:10 GMT+0200 (Eastern European Standard Time): GET /home
Wed Feb 06 2019 18:10:12 GMT+0200 (Eastern European Standard Time): GET /about
Wed Feb 06 2019 18:11:23 GMT+0200 (Eastern European Standard Time): GET /about
Wed Feb 06 2019 18:11:27 GMT+0200 (Eastern European Standard Time): GET /about
Wed Feb 06 2019 18:11:48 GMT+0200 (Eastern European Standard Time): GET /
Wed Feb 06 2019 18:14:22 GMT+0200 (Eastern European Standard Time): GET /
Wed Feb 06 2019 18:14:27 GMT+0200 (Eastern European Standard Time): GET /home
Wed Feb 06 2019 18:14:29 GMT+0200 (Eastern European Standard Time): GET /home
Wed Feb 06 2019 18:15:11 GMT+0200 (Eastern European Standard Time): GET /
Wed Feb 06 2019 18:15:14 GMT+0200 (Eastern European Standard Time): GET /
Wed Feb 06 2019 18:15:38 GMT+0200 (Eastern European Standard Time): GET /home
Wed Feb 06 2019 18:15:40 GMT+0200 (Eastern European Standard Time): GET /
Wed Feb 06 2019 18:16:09 GMT+0200 (Eastern European Standard Time): GET /
Wed Feb 06 2019 18:16:28 GMT+0200 (Eastern European Standard Time): GET /
Wed Feb 06 2019 18:16:47 GMT+0200 (Eastern European Standard Time): GET /
Wed Feb 06 2019 18:16:50 GMT+0200 (Eastern European Standard Time): GET /home
Wed Feb 06 2019 18:16:52 GMT+0200 (Eastern European Standard Time): GET /about
Wed Feb 06 2019 18:16:54 GMT+0200 (Eastern European Standard Time): GET /project
Wed Feb 06 2019 18:17:01 GMT+0200 (Eastern European Standard Time): GET /
Wed Feb 06 2019 18:17:02 GMT+0200 (Eastern European Standard Time): GET /
Wed Feb 06 2019 18:17:27 GMT+0200 (Eastern European Standard Time): GET /
Wed Feb 06 2019 18:17:42 GMT+0200 (Eastern European Standard Time): GET /
Wed Feb 06 2019 18:17:54 GMT+0200 (Eastern European Standard Time): GET /
Wed Feb 06 2019 18:17:56 GMT+0200 (Eastern European Standard Time): GET /about
Wed Feb 06 2019 18:17:58 GMT+0200 (Eastern European Standard Time): GET /project
Wed Feb 06 2019 18:18:00 GMT+0200 (Eastern European Standard Time): GET /about
Wed Feb 06 2019 18:18:01 GMT+0200 (Eastern European Standard Time): GET /home
Wed Feb 06 2019 18:33:23 GMT+0200 (Eastern European Standard Time): GET /
Wed Feb 06 2019 18:33:25 GMT+0200 (Eastern European Standard Time): GET /
Wed Feb 06 2019 18:33:27 GMT+0200 (Eastern European Standard Time): GET /
Wed Feb 06 2019 18:33:30 GMT+0200 (Eastern European Standard Time): GET /about
Wed Feb 06 2019 18:33:32 GMT+0200 (Eastern European Standard Time): GET /
Wed Feb 06 2019 18:34:18 GMT+0200 (Eastern European Standard Time): GET /
Wed Feb 06 2019 18:34:20 GMT+0200 (Eastern European Standard Time): GET /
Wed Feb 06 2019 18:34:22 GMT+0200 (Eastern European Standard Time): GET /about
Wed Feb 06 2019 18:34:24 GMT+0200 (Eastern European Standard Time): GET /project
Wed Feb 06 2019 18:34:26 GMT+0200 (Eastern European Standard Time): GET /about
Wed Feb 06 2019 18:34:28 GMT+0200 (Eastern European Standard Time): GET /
Wed Feb 06 2019 18:34:31 GMT+0200 (Eastern European Standard Time): GET /
Wed Feb 06 2019 18:34:33 GMT+0200 (Eastern European Standard Time): GET /about
